<?xml version="1.0" encoding="UTF-8"?>
<testng-results skipped="0" failed="0" total="1" passed="1">
  <reporter-output>
  </reporter-output>
  <suite name="Default suite" duration-ms="28446" started-at="2017-09-23T22:28:27Z" finished-at="2017-09-23T22:28:55Z">
    <groups>
    </groups>
    <test name="Default test" duration-ms="28446" started-at="2017-09-23T22:28:27Z" finished-at="2017-09-23T22:28:55Z">
      <class name="com.zopa.Tests.SIgnUpFlow">
        <test-method status="PASS" signature="beforeMethod()[pri:0, instance:com.zopa.Tests.SIgnUpFlow@3bfdc050]" name="beforeMethod" is-config="true" duration-ms="20219" started-at="2017-09-23T16:28:27Z" finished-at="2017-09-23T16:28:47Z">
          <reporter-output>
          </reporter-output>
        </test-method> <!-- beforeMethod -->
        <test-method status="PASS" signature="SignUpFlow()[pri:0, instance:com.zopa.Tests.SIgnUpFlow@3bfdc050]" name="SignUpFlow" duration-ms="8211" started-at="2017-09-23T16:28:47Z" finished-at="2017-09-23T16:28:55Z">
          <reporter-output>
          </reporter-output>
        </test-method> <!-- SignUpFlow -->
        <test-method status="PASS" signature="tearDown(org.testng.ITestResult)[pri:0, instance:com.zopa.Tests.SIgnUpFlow@3bfdc050]" name="tearDown" is-config="true" duration-ms="1" started-at="2017-09-23T16:28:55Z" finished-at="2017-09-23T16:28:55Z">
          <params>
            <param index="0">
              <value>
                <![CDATA[[TestResult name=SignUpFlow status=SUCCESS method=SIgnUpFlow.SignUpFlow()[pri:0, instance:com.zopa.Tests.SIgnUpFlow@3bfdc050] output={null}]]]>
              </value>
            </param>
          </params>
          <reporter-output>
          </reporter-output>
        </test-method> <!-- tearDown -->
      </class> <!-- com.zopa.Tests.SIgnUpFlow -->
    </test> <!-- Default test -->
  </suite> <!-- Default suite -->
</testng-results>
