<?xml version="1.0" encoding="UTF-8"?>
<testng-results skipped="0" failed="0" total="2" passed="2">
  <reporter-output>
  </reporter-output>
  <suite name="Default suite" duration-ms="140151" started-at="2017-09-24T20:57:35Z" finished-at="2017-09-24T20:59:55Z">
    <groups>
    </groups>
    <test name="Default test" duration-ms="140151" started-at="2017-09-24T20:57:35Z" finished-at="2017-09-24T20:59:55Z">
      <class name="com.zopa.Tests.SignUp_SadPath">
        <test-method status="PASS" signature="beforeMethod()[pri:0, instance:com.zopa.Tests.SignUp_SadPath@3bfdc050]" name="beforeMethod" is-config="true" duration-ms="63603" started-at="2017-09-24T14:57:35Z" finished-at="2017-09-24T14:58:38Z">
          <reporter-output>
          </reporter-output>
        </test-method> <!-- beforeMethod -->
        <test-method status="PASS" signature="PostCodeValidation()[pri:0, instance:com.zopa.Tests.SignUp_SadPath@3bfdc050]" name="PostCodeValidation" duration-ms="7366" started-at="2017-09-24T14:58:38Z" finished-at="2017-09-24T14:58:46Z">
          <reporter-output>
          </reporter-output>
        </test-method> <!-- PostCodeValidation -->
        <test-method status="PASS" signature="tearDown(org.testng.ITestResult)[pri:0, instance:com.zopa.Tests.SignUp_SadPath@3bfdc050]" name="tearDown" is-config="true" duration-ms="375" started-at="2017-09-24T14:58:46Z" finished-at="2017-09-24T14:58:46Z">
          <params>
            <param index="0">
              <value>
                <![CDATA[[TestResult name=PostCodeValidation status=SUCCESS method=SignUp_SadPath.PostCodeValidation()[pri:0, instance:com.zopa.Tests.SignUp_SadPath@3bfdc050] output={null}]]]>
              </value>
            </param>
          </params>
          <reporter-output>
          </reporter-output>
        </test-method> <!-- tearDown -->
        <test-method status="PASS" signature="beforeMethod()[pri:0, instance:com.zopa.Tests.SignUp_SadPath@3bfdc050]" name="beforeMethod" is-config="true" duration-ms="60352" started-at="2017-09-24T14:58:46Z" finished-at="2017-09-24T14:59:47Z">
          <reporter-output>
          </reporter-output>
        </test-method> <!-- beforeMethod -->
        <test-method status="PASS" signature="emailVerification()[pri:0, instance:com.zopa.Tests.SignUp_SadPath@3bfdc050]" name="emailVerification" duration-ms="8326" started-at="2017-09-24T14:59:47Z" finished-at="2017-09-24T14:59:55Z">
          <reporter-output>
          </reporter-output>
        </test-method> <!-- emailVerification -->
        <test-method status="PASS" signature="tearDown(org.testng.ITestResult)[pri:0, instance:com.zopa.Tests.SignUp_SadPath@3bfdc050]" name="tearDown" is-config="true" duration-ms="113" started-at="2017-09-24T14:59:55Z" finished-at="2017-09-24T14:59:55Z">
          <params>
            <param index="0">
              <value>
                <![CDATA[[TestResult name=emailVerification status=SUCCESS method=SignUp_SadPath.emailVerification()[pri:0, instance:com.zopa.Tests.SignUp_SadPath@3bfdc050] output={null}]]]>
              </value>
            </param>
          </params>
          <reporter-output>
          </reporter-output>
        </test-method> <!-- tearDown -->
      </class> <!-- com.zopa.Tests.SignUp_SadPath -->
    </test> <!-- Default test -->
  </suite> <!-- Default suite -->
</testng-results>
