<?xml version="1.0" encoding="UTF-8"?>
<testng-results skipped="0" failed="0" total="1" passed="1">
  <reporter-output>
  </reporter-output>
  <suite name="Default suite" duration-ms="34380" started-at="2017-09-28T05:21:27Z" finished-at="2017-09-28T05:22:02Z">
    <groups>
    </groups>
    <test name="Default test" duration-ms="34380" started-at="2017-09-28T05:21:27Z" finished-at="2017-09-28T05:22:02Z">
      <class name="com.zopa.Tests.SignUpFlow">
        <test-method status="PASS" signature="beforeMethod()[pri:0, instance:com.zopa.Tests.SignUpFlow@6a41eaa2]" name="beforeMethod" is-config="true" duration-ms="16137" started-at="2017-09-27T23:21:27Z" finished-at="2017-09-27T23:21:44Z">
          <reporter-output>
          </reporter-output>
        </test-method> <!-- beforeMethod -->
        <test-method status="PASS" signature="SignUpFlow()[pri:0, instance:com.zopa.Tests.SignUpFlow@6a41eaa2]" name="SignUpFlow" duration-ms="17741" started-at="2017-09-27T23:21:44Z" finished-at="2017-09-27T23:22:01Z">
          <reporter-output>
          </reporter-output>
        </test-method> <!-- SignUpFlow -->
        <test-method status="PASS" signature="tearDown(org.testng.ITestResult)[pri:0, instance:com.zopa.Tests.SignUpFlow@6a41eaa2]" name="tearDown" is-config="true" duration-ms="490" started-at="2017-09-27T23:22:01Z" finished-at="2017-09-27T23:22:02Z">
          <params>
            <param index="0">
              <value>
                <![CDATA[[TestResult name=SignUpFlow status=SUCCESS method=SignUpFlow.SignUpFlow()[pri:0, instance:com.zopa.Tests.SignUpFlow@6a41eaa2] output={null}]]]>
              </value>
            </param>
          </params>
          <reporter-output>
          </reporter-output>
        </test-method> <!-- tearDown -->
      </class> <!-- com.zopa.Tests.SignUpFlow -->
    </test> <!-- Default test -->
  </suite> <!-- Default suite -->
</testng-results>
